<?xml version="1.0" encoding="UTF-8"?>
<testng-results ignored="0" total="1" passed="1" failed="0" skipped="0">
  <reporter-output>
  </reporter-output>
  <suite started-at="2023-11-27T13:46:49 IST" name="Default suite" finished-at="2023-11-27T13:47:08 IST" duration-ms="18346">
    <groups>
    </groups>
    <test started-at="2023-11-27T13:46:49 IST" name="Default test" finished-at="2023-11-27T13:47:08 IST" duration-ms="18346">
      <class name="Module_1_LoginTest.TC1_SwagLabLoginTest">
        <test-method is-config="true" signature="openBrowser()[pri:0, instance:Module_1_LoginTest.TC1_SwagLabLoginTest@17f9d882]" started-at="2023-11-27T13:46:49 IST" name="openBrowser" finished-at="2023-11-27T13:46:59 IST" duration-ms="9910" status="PASS">
          <reporter-output>
          </reporter-output>
        </test-method> <!-- openBrowser -->
        <test-method is-config="true" signature="loginToApp()[pri:0, instance:Module_1_LoginTest.TC1_SwagLabLoginTest@17f9d882]" started-at="2023-11-27T13:46:59 IST" name="loginToApp" finished-at="2023-11-27T13:47:03 IST" duration-ms="3533" status="PASS">
          <reporter-output>
          </reporter-output>
        </test-method> <!-- loginToApp -->
        <test-method signature="verifyTitle()[pri:0, instance:Module_1_LoginTest.TC1_SwagLabLoginTest@17f9d882]" started-at="2023-11-27T13:47:03 IST" name="verifyTitle" finished-at="2023-11-27T13:47:04 IST" duration-ms="889" status="PASS">
          <reporter-output>
          </reporter-output>
        </test-method> <!-- verifyTitle -->
        <test-method is-config="true" signature="logoutFromApp(org.testng.ITestResult)[pri:0, instance:Module_1_LoginTest.TC1_SwagLabLoginTest@17f9d882]" started-at="2023-11-27T13:47:04 IST" name="logoutFromApp" finished-at="2023-11-27T13:47:06 IST" duration-ms="2518" status="PASS">
          <params>
            <param index="0">
              <value>
                <![CDATA[[TestResult name=verifyTitle status=SUCCESS method=TC1_SwagLabLoginTest.verifyTitle()[pri:0, instance:Module_1_LoginTest.TC1_SwagLabLoginTest@17f9d882] output={null}]]]>
              </value>
            </param>
          </params>
          <reporter-output>
          </reporter-output>
        </test-method> <!-- logoutFromApp -->
        <test-method is-config="true" signature="closeBrowser()[pri:0, instance:Module_1_LoginTest.TC1_SwagLabLoginTest@17f9d882]" started-at="2023-11-27T13:47:06 IST" name="closeBrowser" finished-at="2023-11-27T13:47:08 IST" duration-ms="1442" status="PASS">
          <reporter-output>
          </reporter-output>
        </test-method> <!-- closeBrowser -->
      </class> <!-- Module_1_LoginTest.TC1_SwagLabLoginTest -->
    </test> <!-- Default test -->
  </suite> <!-- Default suite -->
</testng-results>
